Determining if the pthread_create exist failed with the following output:
Change Dir: /home/michele/opencv_apps/build/catkin_tools_prebuild/CMakeFiles/CMakeTmp

Run Build Command:"/usr/bin/make" "cmTC_7d4cc/fast"
/usr/bin/make -f CMakeFiles/cmTC_7d4cc.dir/build.make CMakeFiles/cmTC_7d4cc.dir/build
make[1]: ingresso nella directory "/home/michele/opencv_apps/build/catkin_tools_prebuild/CMakeFiles/CMakeTmp"
Building C object CMakeFiles/cmTC_7d4cc.dir/CheckSymbolExists.c.o
/usr/bin/cc    -o CMakeFiles/cmTC_7d4cc.dir/CheckSymbolExists.c.o   -c /home/michele/opencv_apps/build/catkin_tools_prebuild/CMakeFiles/CMakeTmp/CheckSymbolExists.c
Linking C executable cmTC_7d4cc
/usr/bin/cmake -E cmake_link_script CMakeFiles/cmTC_7d4cc.dir/link.txt --verbose=1
/usr/bin/cc      -rdynamic CMakeFiles/cmTC_7d4cc.dir/CheckSymbolExists.c.o  -o cmTC_7d4cc 
CMakeFiles/cmTC_7d4cc.dir/CheckSymbolExists.c.o: nella funzione "main":
CheckSymbolExists.c:(.text+0x1b): riferimento non definito a "pthread_create"
collect2: error: ld returned 1 exit status
CMakeFiles/cmTC_7d4cc.dir/build.make:97: recipe for target 'cmTC_7d4cc' failed
make[1]: *** [cmTC_7d4cc] Error 1
make[1]: uscita dalla directory "/home/michele/opencv_apps/build/catkin_tools_prebuild/CMakeFiles/CMakeTmp"
Makefile:126: recipe for target 'cmTC_7d4cc/fast' failed
make: *** [cmTC_7d4cc/fast] Error 2

File /home/michele/opencv_apps/build/catkin_tools_prebuild/CMakeFiles/CMakeTmp/CheckSymbolExists.c:
/* */
#include <pthread.h>

int main(int argc, char** argv)
{
  (void)argv;
#ifndef pthread_create
  return ((int*)(&pthread_create))[argc];
#else
  (void)argc;
  return 0;
#endif
}

Determining if the function pthread_create exists in the pthreads failed with the following output:
Change Dir: /home/michele/opencv_apps/build/catkin_tools_prebuild/CMakeFiles/CMakeTmp

Run Build Command:"/usr/bin/make" "cmTC_43dfa/fast"
/usr/bin/make -f CMakeFiles/cmTC_43dfa.dir/build.make CMakeFiles/cmTC_43dfa.dir/build
make[1]: ingresso nella directory "/home/michele/opencv_apps/build/catkin_tools_prebuild/CMakeFiles/CMakeTmp"
Building C object CMakeFiles/cmTC_43dfa.dir/CheckFunctionExists.c.o
/usr/bin/cc   -DCHECK_FUNCTION_EXISTS=pthread_create   -o CMakeFiles/cmTC_43dfa.dir/CheckFunctionExists.c.o   -c /usr/share/cmake-3.10/Modules/CheckFunctionExists.c
Linking C executable cmTC_43dfa
/usr/bin/cmake -E cmake_link_script CMakeFiles/cmTC_43dfa.dir/link.txt --verbose=1
/usr/bin/cc  -DCHECK_FUNCTION_EXISTS=pthread_create    -rdynamic CMakeFiles/cmTC_43dfa.dir/CheckFunctionExists.c.o  -o cmTC_43dfa -lpthreads 
/usr/bin/ld: impossibile trovare -lpthreads
collect2: error: ld returned 1 exit status
CMakeFiles/cmTC_43dfa.dir/build.make:97: recipe for target 'cmTC_43dfa' failed
make[1]: *** [cmTC_43dfa] Error 1
make[1]: uscita dalla directory "/home/michele/opencv_apps/build/catkin_tools_prebuild/CMakeFiles/CMakeTmp"
Makefile:126: recipe for target 'cmTC_43dfa/fast' failed
make: *** [cmTC_43dfa/fast] Error 2


